<?xml version="1.0" encoding="UTF-8"?>
<!-- Generated by org.testng.reporters.JUnitReportReporter -->
<testsuite hostname="LP-5CD120NLR8" name="testNGListenerreport.TestNgListnerReport" tests="2" failures="0" timestamp="30 Oct 2021 06:19:03 GMT" time="13.072" errors="0">
  <testcase name="loginByFacebook" time="2.970" classname="testNGListenerreport.TestNgListnerReport"/>
  <testcase name="test_with_extentReporting" time="10.102" classname="testNGListenerreport.TestNgListnerReport"/>
</testsuite> <!-- testNGListenerreport.TestNgListnerReport -->
